<?xml version="1.0" encoding="UTF-8"?>
<!-- Generated by org.testng.reporters.JUnitReportReporter -->
<testsuite hostname="DESKTOP-0PCMJHH" failures="0" tests="2" name="Testcases.Test1" time="0.025" errors="0" timestamp="2023-11-01T21:53:41 CDT" skipped="0">
  <testcase classname="Testcases.Test1" name="testcase2" time="0.021"/>
  <system-out/>
  <testcase classname="Testcases.Test1" name="open" time="0.004"/>
  <system-out/>
</testsuite> <!-- Testcases.Test1 -->
