<?xml version="1.0" encoding="UTF-8"?>
<!-- Generated by org.testng.reporters.JUnitReportReporter -->
<testsuite hostname="DESKTOP-0PCMJHH" failures="0" tests="1" name="Testcases.Test2" time="0.004" errors="0" timestamp="2023-11-01T21:52:47 CDT" skipped="0">
  <testcase classname="Testcases.Test2" name="f" time="0.004"/>
  <system-out/>
</testsuite> <!-- Testcases.Test2 -->
